<?xml version="1.0" encoding="UTF-8"?>
<!-- Generated by org.testng.reporters.JUnitReportReporter -->
<testsuite skipped="0" hostname="edureka-VirtualBox" name="TestNG.userauth" tests="1" failures="0" timestamp="26 Aug 2019 01:54:38 GMT" time="15.052" errors="0">
  <testcase name="verifyauth" time="15.052" classname="TestNG.userauth"/>
</testsuite> <!-- TestNG.userauth -->
